<?xml version="1.0" encoding="UTF-8"?>
<testng-results skipped="0" failed="1" ignored="0" total="4" passed="3">
  <reporter-output>
  </reporter-output>
  <suite name="Suite" duration-ms="102174" started-at="2022-01-25T15:52:15 IST" finished-at="2022-01-25T15:53:58 IST">
    <groups>
    </groups>
    <test name="text diplayed" duration-ms="90241" started-at="2022-01-25T15:52:15 IST" finished-at="2022-01-25T15:53:46 IST">
      <class name="com.jayanti.NavigationBar">
        <test-method status="PASS" signature="initialize()[pri:0, instance:com.jayanti.NavigationBar@4686afc2]" name="initialize" is-config="true" duration-ms="75227" started-at="2022-01-25T15:52:15 IST" finished-at="2022-01-25T15:53:31 IST">
          <reporter-output>
          </reporter-output>
        </test-method> <!-- initialize -->
        <test-method status="PASS" signature="HomePage()[pri:0, instance:com.jayanti.NavigationBar@4686afc2]" name="HomePage" duration-ms="2705" started-at="2022-01-25T15:53:31 IST" finished-at="2022-01-25T15:53:33 IST">
          <reporter-output>
          </reporter-output>
        </test-method> <!-- HomePage -->
        <test-method status="PASS" signature="closebrowser()[pri:0, instance:com.jayanti.NavigationBar@4686afc2]" name="closebrowser" is-config="true" duration-ms="11818" started-at="2022-01-25T15:53:34 IST" finished-at="2022-01-25T15:53:46 IST">
          <reporter-output>
          </reporter-output>
        </test-method> <!-- closebrowser -->
      </class> <!-- com.jayanti.NavigationBar -->
    </test> <!-- text diplayed -->
    <test name="Message Displayed" duration-ms="95442" started-at="2022-01-25T15:52:15 IST" finished-at="2022-01-25T15:53:51 IST">
      <class name="com.jayanti.Title_TC">
        <test-method status="PASS" signature="initialize()[pri:0, instance:com.jayanti.Title_TC@f09733f]" name="initialize" is-config="true" duration-ms="75235" started-at="2022-01-25T15:52:15 IST" finished-at="2022-01-25T15:53:31 IST">
          <reporter-output>
          </reporter-output>
        </test-method> <!-- initialize -->
        <test-method status="FAIL" signature="HomePage()[pri:0, instance:com.jayanti.Title_TC@f09733f]" name="HomePage" duration-ms="3023" started-at="2022-01-25T15:53:31 IST" finished-at="2022-01-25T15:53:34 IST">
          <exception class="java.lang.AssertionError">
            <message>
              <![CDATA[expected [FEATURED COURSESes] but found [FEATURED COURSES]]]>
            </message>
            <full-stacktrace>
              <![CDATA[java.lang.AssertionError: expected [FEATURED COURSESes] but found [FEATURED COURSES]
at org.testng.Assert.fail(Assert.java:99)
at org.testng.Assert.failNotEquals(Assert.java:1037)
at org.testng.Assert.assertEqualsImpl(Assert.java:140)
at org.testng.Assert.assertEquals(Assert.java:122)
at org.testng.Assert.assertEquals(Assert.java:629)
at org.testng.Assert.assertEquals(Assert.java:639)
at com.jayanti.Title_TC.HomePage(Title_TC.java:34)
at sun.reflect.NativeMethodAccessorImpl.invoke0(Native Method)
at sun.reflect.NativeMethodAccessorImpl.invoke(NativeMethodAccessorImpl.java:62)
at sun.reflect.DelegatingMethodAccessorImpl.invoke(DelegatingMethodAccessorImpl.java:43)
at java.lang.reflect.Method.invoke(Method.java:498)
at org.testng.internal.MethodInvocationHelper.invokeMethod(MethodInvocationHelper.java:133)
at org.testng.internal.TestInvoker.invokeMethod(TestInvoker.java:598)
at org.testng.internal.TestInvoker.invokeTestMethod(TestInvoker.java:173)
at org.testng.internal.MethodRunner.runInSequence(MethodRunner.java:46)
at org.testng.internal.TestInvoker$MethodInvocationAgent.invoke(TestInvoker.java:824)
at org.testng.internal.TestInvoker.invokeTestMethods(TestInvoker.java:146)
at org.testng.internal.TestMethodWorker.invokeTestMethods(TestMethodWorker.java:146)
at org.testng.internal.TestMethodWorker.run(TestMethodWorker.java:128)
at java.util.ArrayList.forEach(ArrayList.java:1259)
at org.testng.TestRunner.privateRun(TestRunner.java:794)
at org.testng.TestRunner.run(TestRunner.java:596)
at org.testng.SuiteRunner.runTest(SuiteRunner.java:377)
at org.testng.SuiteRunner.access$000(SuiteRunner.java:28)
at org.testng.SuiteRunner$SuiteWorker.run(SuiteRunner.java:418)
at org.testng.internal.thread.ThreadUtil.lambda$execute$0(ThreadUtil.java:64)
at java.util.concurrent.FutureTask.run(FutureTask.java:266)
at java.util.concurrent.ThreadPoolExecutor.runWorker(ThreadPoolExecutor.java:1149)
at java.util.concurrent.ThreadPoolExecutor$Worker.run(ThreadPoolExecutor.java:624)
at java.lang.Thread.run(Thread.java:748)
]]>
            </full-stacktrace>
          </exception> <!-- java.lang.AssertionError -->
          <reporter-output>
          </reporter-output>
        </test-method> <!-- HomePage -->
        <test-method status="PASS" signature="closebrowser()[pri:0, instance:com.jayanti.Title_TC@f09733f]" name="closebrowser" is-config="true" duration-ms="7708" started-at="2022-01-25T15:53:43 IST" finished-at="2022-01-25T15:53:51 IST">
          <reporter-output>
          </reporter-output>
        </test-method> <!-- closebrowser -->
      </class> <!-- com.jayanti.Title_TC -->
    </test> <!-- Message Displayed -->
    <test name="login" duration-ms="102174" started-at="2022-01-25T15:52:15 IST" finished-at="2022-01-25T15:53:58 IST">
      <class name="com.jayanti.TC_Browser">
        <test-method status="PASS" signature="initialize()[pri:0, instance:com.jayanti.TC_Browser@4efac082]" name="initialize" is-config="true" duration-ms="42158" started-at="2022-01-25T15:52:15 IST" finished-at="2022-01-25T15:52:58 IST">
          <reporter-output>
          </reporter-output>
        </test-method> <!-- initialize -->
        <test-method status="PASS" signature="HomePage(java.lang.String,java.lang.String)[pri:0, instance:com.jayanti.TC_Browser@4efac082]" name="HomePage" duration-ms="53591" started-at="2022-01-25T15:52:58 IST" data-provider="getData" finished-at="2022-01-25T15:53:51 IST">
          <params>
            <param index="0">
              <value>
                <![CDATA[abc@123]]>
              </value>
            </param>
            <param index="1">
              <value>
                <![CDATA[1234sde5]]>
              </value>
            </param>
          </params>
          <reporter-output>
          </reporter-output>
        </test-method> <!-- HomePage -->
        <test-method status="PASS" signature="HomePage(java.lang.String,java.lang.String)[pri:0, instance:com.jayanti.TC_Browser@4efac082]" name="HomePage" duration-ms="5610" started-at="2022-01-25T15:53:51 IST" data-provider="getData" finished-at="2022-01-25T15:53:57 IST">
          <params>
            <param index="0">
              <value>
                <![CDATA[kjggj@ee]]>
              </value>
            </param>
            <param index="1">
              <value>
                <![CDATA[1246sfg]]>
              </value>
            </param>
          </params>
          <reporter-output>
          </reporter-output>
        </test-method> <!-- HomePage -->
        <test-method status="PASS" signature="closebrowser()[pri:0, instance:com.jayanti.TC_Browser@4efac082]" name="closebrowser" is-config="true" duration-ms="754" started-at="2022-01-25T15:53:57 IST" finished-at="2022-01-25T15:53:58 IST">
          <reporter-output>
          </reporter-output>
        </test-method> <!-- closebrowser -->
      </class> <!-- com.jayanti.TC_Browser -->
    </test> <!-- login -->
  </suite> <!-- Suite -->
</testng-results>
